{"stage": "intake_stage_started", "mission": "mission-dry-run", "tenant": "gate-ga-default", "timestamp": "2025-10-08T21:30:10Z"}
{"stage": "planner_stage_started", "mission": "mission-dry-run", "tenant": "gate-ga-default", "timestamp": "2025-10-08T21:30:11Z"}
{"stage": "execution_loop_started", "mission": "mission-dry-run", "tenant": "gate-ga-default", "timestamp": "2025-10-08T21:30:12Z"}
{"stage": "executor_stage_started", "mission": "mission-dry-run", "tenant": "gate-ga-default", "attempt": 1, "timestamp": "2025-10-08T21:30:12Z"}
{"stage": "validator_stage_started", "mission": "mission-dry-run", "tenant": "gate-ga-default", "attempt": 1, "timestamp": "2025-10-08T21:30:13Z"}
{"stage": "evidence_stage_started", "mission": "mission-dry-run", "tenant": "gate-ga-default", "attempt": 1, "timestamp": "2025-10-08T21:30:13Z"}
{"stage": "execution_loop_completed", "mission": "mission-dry-run", "tenant": "gate-ga-default", "attempts": 1, "timestamp": "2025-10-08T21:30:13Z"}
{"stage": "intake_stage_started", "mission": "mission-dry-run", "tenant": "gate-ga-default", "timestamp": "2025-10-08T23:13:06Z"}
{"stage": "planner_stage_started", "mission": "___eval___session___73172cf9-8a18-469e-be67-43f67f32d00b", "tenant": "00000000-0000-0000-0000-000000000000", "timestamp": "2025-10-08T23:13:08Z"}
{"stage": "execution_loop_started", "mission": "___eval___session___73172cf9-8a18-469e-be67-43f67f32d00b", "tenant": "00000000-0000-0000-0000-000000000000", "timestamp": "2025-10-08T23:13:10Z"}
{"stage": "intake_stage_started", "mission": "00000000-0000-0000-0000-000000000001", "tenant": "gate-ga-default", "timestamp": "2025-10-08T23:13:15Z"}
{"stage": "planner_stage_started", "mission": "00000000-0000-0000-0000-000000000001", "tenant": "gate-ga-default", "timestamp": "2025-10-08T23:13:16Z"}
{"stage": "execution_loop_started", "mission": "00000000-0000-0000-0000-000000000001", "tenant": "gate-ga-default", "timestamp": "2025-10-08T23:13:19Z"}
{"stage": "intake_stage_started", "mission": "00000000-0000-0000-0000-000000000004", "tenant": "00000000-0000-0000-0000-000000000000", "timestamp": "2025-10-08T23:57:25Z"}
{"stage": "planner_stage_started", "mission": "00000000-0000-0000-0000-000000000004", "tenant": "00000000-0000-0000-0000-000000000000", "timestamp": "2025-10-08T23:57:26Z"}
{"stage": "execution_loop_started", "mission": "00000000-0000-0000-0000-000000000004", "tenant": "00000000-0000-0000-0000-000000000000", "timestamp": "2025-10-08T23:57:28Z"}
{"stage": "intake_stage_started", "mission": "00000000-0000-0000-0000-000000000003", "tenant": "00000000-0000-0000-0000-000000000000", "timestamp": "2025-10-08T23:57:28Z"}
{"stage": "planner_stage_started", "mission": "00000000-0000-0000-0000-000000000003", "tenant": "00000000-0000-0000-0000-000000000000", "timestamp": "2025-10-08T23:57:28Z"}
{"stage": "execution_loop_started", "mission": "00000000-0000-0000-0000-000000000003", "tenant": "00000000-0000-0000-0000-000000000000", "timestamp": "2025-10-08T23:57:30Z"}
{"stage": "intake_stage_started", "mission": "00000000-0000-0000-0000-000000000001", "tenant": "00000000-0000-0000-0000-000000000000", "timestamp": "2025-10-08T23:57:30Z"}
{"stage": "planner_stage_started", "mission": "00000000-0000-0000-0000-000000000001", "tenant": "00000000-0000-0000-0000-000000000000", "timestamp": "2025-10-08T23:57:30Z"}
{"stage": "execution_loop_started", "mission": "00000000-0000-0000-0000-000000000001", "tenant": "00000000-0000-0000-0000-000000000000", "timestamp": "2025-10-08T23:57:32Z"}
{"stage": "intake_stage_started", "mission": "00000000-0000-0000-0000-000000000002", "tenant": "00000000-0000-0000-0000-000000000000", "timestamp": "2025-10-08T23:57:32Z"}
{"stage": "planner_stage_started", "mission": "00000000-0000-0000-0000-000000000002", "tenant": "00000000-0000-0000-0000-000000000000", "timestamp": "2025-10-08T23:57:32Z"}
{"stage": "execution_loop_started", "mission": "00000000-0000-0000-0000-000000000002", "tenant": "00000000-0000-0000-0000-000000000000", "timestamp": "2025-10-08T23:57:34Z"}
{"stage": "intake_stage_started", "mission": "mission-dry-run", "tenant": "gate-ga-default", "timestamp": "2025-10-08T23:57:34Z"}
{"stage": "planner_stage_started", "mission": "___eval___session___0797e986-ba95-4395-8b07-abbf5f86f748", "tenant": "00000000-0000-0000-0000-000000000000", "timestamp": "2025-10-08T23:57:34Z"}
{"stage": "execution_loop_started", "mission": "___eval___session___0797e986-ba95-4395-8b07-abbf5f86f748", "tenant": "00000000-0000-0000-0000-000000000000", "timestamp": "2025-10-08T23:57:35Z"}
{"stage": "intake_stage_started", "mission": "00000000-0000-0000-0000-000000000003", "tenant": "00000000-0000-0000-0000-000000000000", "timestamp": "2025-10-09T00:00:23Z"}
{"stage": "planner_stage_started", "mission": "00000000-0000-0000-0000-000000000003", "tenant": "00000000-0000-0000-0000-000000000000", "timestamp": "2025-10-09T00:00:23Z"}
{"stage": "execution_loop_started", "mission": "00000000-0000-0000-0000-000000000003", "tenant": "00000000-0000-0000-0000-000000000000", "timestamp": "2025-10-09T00:00:25Z"}
{"stage": "intake_stage_started", "mission": "mission-dry-run", "tenant": "gate-ga-default", "timestamp": "2025-10-09T00:00:25Z"}
{"stage": "planner_stage_started", "mission": "___eval___session___87244cc7-eb8d-49d8-ad41-1a650c3212cf", "tenant": "00000000-0000-0000-0000-000000000000", "timestamp": "2025-10-09T00:00:25Z"}
{"stage": "execution_loop_started", "mission": "___eval___session___87244cc7-eb8d-49d8-ad41-1a650c3212cf", "tenant": "00000000-0000-0000-0000-000000000000", "timestamp": "2025-10-09T00:00:26Z"}
{"stage": "intake_stage_started", "mission": "00000000-0000-0000-0000-000000000001", "tenant": "00000000-0000-0000-0000-000000000000", "timestamp": "2025-10-09T00:00:26Z"}
{"stage": "planner_stage_started", "mission": "00000000-0000-0000-0000-000000000001", "tenant": "00000000-0000-0000-0000-000000000000", "timestamp": "2025-10-09T00:00:26Z"}
{"stage": "execution_loop_started", "mission": "00000000-0000-0000-0000-000000000001", "tenant": "00000000-0000-0000-0000-000000000000", "timestamp": "2025-10-09T00:00:28Z"}
{"stage": "intake_stage_started", "mission": "00000000-0000-0000-0000-000000000002", "tenant": "00000000-0000-0000-0000-000000000000", "timestamp": "2025-10-09T00:00:28Z"}
{"stage": "planner_stage_started", "mission": "00000000-0000-0000-0000-000000000002", "tenant": "00000000-0000-0000-0000-000000000000", "timestamp": "2025-10-09T00:00:29Z"}
{"stage": "execution_loop_started", "mission": "00000000-0000-0000-0000-000000000002", "tenant": "00000000-0000-0000-0000-000000000000", "timestamp": "2025-10-09T00:00:30Z"}
{"stage": "intake_stage_started", "mission": "00000000-0000-0000-0000-000000000004", "tenant": "00000000-0000-0000-0000-000000000000", "timestamp": "2025-10-09T00:00:30Z"}
{"stage": "planner_stage_started", "mission": "00000000-0000-0000-0000-000000000004", "tenant": "00000000-0000-0000-0000-000000000000", "timestamp": "2025-10-09T00:00:31Z"}
{"stage": "execution_loop_started", "mission": "00000000-0000-0000-0000-000000000004", "tenant": "00000000-0000-0000-0000-000000000000", "timestamp": "2025-10-09T00:00:32Z"}
{"stage": "intake_stage_started", "mission": "00000000-0000-0000-0000-000000000004", "tenant": "00000000-0000-0000-0000-000000000000", "timestamp": "2025-10-09T00:43:09Z"}
{"stage": "planner_stage_started", "mission": "00000000-0000-0000-0000-000000000004", "tenant": "00000000-0000-0000-0000-000000000000", "timestamp": "2025-10-09T00:43:10Z"}
{"stage": "execution_loop_started", "mission": "00000000-0000-0000-0000-000000000004", "tenant": "00000000-0000-0000-0000-000000000000", "timestamp": "2025-10-09T00:43:13Z"}
{"stage": "intake_stage_started", "mission": "00000000-0000-0000-0000-000000000003", "tenant": "00000000-0000-0000-0000-000000000000", "timestamp": "2025-10-09T00:43:13Z"}
{"stage": "planner_stage_started", "mission": "00000000-0000-0000-0000-000000000003", "tenant": "00000000-0000-0000-0000-000000000000", "timestamp": "2025-10-09T00:43:13Z"}
{"stage": "execution_loop_started", "mission": "00000000-0000-0000-0000-000000000003", "tenant": "00000000-0000-0000-0000-000000000000", "timestamp": "2025-10-09T00:43:15Z"}
{"stage": "intake_stage_started", "mission": "00000000-0000-0000-0000-000000000001", "tenant": "00000000-0000-0000-0000-000000000000", "timestamp": "2025-10-09T00:43:15Z"}
{"stage": "planner_stage_started", "mission": "00000000-0000-0000-0000-000000000001", "tenant": "00000000-0000-0000-0000-000000000000", "timestamp": "2025-10-09T00:43:15Z"}
{"stage": "execution_loop_started", "mission": "00000000-0000-0000-0000-000000000001", "tenant": "00000000-0000-0000-0000-000000000000", "timestamp": "2025-10-09T00:43:17Z"}
{"stage": "intake_stage_started", "mission": "mission-dry-run", "tenant": "gate-ga-default", "timestamp": "2025-10-09T00:43:17Z"}
{"stage": "planner_stage_started", "mission": "___eval___session___a915aa87-cacf-4ca7-8619-89038ea9e2fe", "tenant": "00000000-0000-0000-0000-000000000000", "timestamp": "2025-10-09T00:43:17Z"}
{"stage": "execution_loop_started", "mission": "___eval___session___a915aa87-cacf-4ca7-8619-89038ea9e2fe", "tenant": "00000000-0000-0000-0000-000000000000", "timestamp": "2025-10-09T00:43:17Z"}
{"stage": "intake_stage_started", "mission": "00000000-0000-0000-0000-000000000002", "tenant": "00000000-0000-0000-0000-000000000000", "timestamp": "2025-10-09T00:43:17Z"}
{"stage": "planner_stage_started", "mission": "00000000-0000-0000-0000-000000000002", "tenant": "00000000-0000-0000-0000-000000000000", "timestamp": "2025-10-09T00:43:18Z"}
{"stage": "execution_loop_started", "mission": "00000000-0000-0000-0000-000000000002", "tenant": "00000000-0000-0000-0000-000000000000", "timestamp": "2025-10-09T00:43:19Z"}
{"stage": "intake_stage_started", "mission": "00000000-0000-0000-0000-000000000004", "tenant": "00000000-0000-0000-0000-000000000000", "timestamp": "2025-10-09T01:26:12Z"}
{"stage": "planner_stage_started", "mission": "00000000-0000-0000-0000-000000000004", "tenant": "00000000-0000-0000-0000-000000000000", "timestamp": "2025-10-09T01:26:12Z"}
{"stage": "execution_loop_started", "mission": "00000000-0000-0000-0000-000000000004", "tenant": "00000000-0000-0000-0000-000000000000", "timestamp": "2025-10-09T01:26:15Z"}
{"stage": "intake_stage_started", "mission": "mission-dry-run", "tenant": "gate-ga-default", "timestamp": "2025-10-09T01:26:15Z"}
{"stage": "planner_stage_started", "mission": "___eval___session___3cf0e329-c0ec-424f-9e63-012d5cd3f71a", "tenant": "00000000-0000-0000-0000-000000000000", "timestamp": "2025-10-09T01:26:15Z"}
{"stage": "execution_loop_started", "mission": "___eval___session___3cf0e329-c0ec-424f-9e63-012d5cd3f71a", "tenant": "00000000-0000-0000-0000-000000000000", "timestamp": "2025-10-09T01:26:16Z"}
{"stage": "intake_stage_started", "mission": "00000000-0000-0000-0000-000000000003", "tenant": "00000000-0000-0000-0000-000000000000", "timestamp": "2025-10-09T01:26:16Z"}
{"stage": "planner_stage_started", "mission": "00000000-0000-0000-0000-000000000003", "tenant": "00000000-0000-0000-0000-000000000000", "timestamp": "2025-10-09T01:26:16Z"}
{"stage": "execution_loop_started", "mission": "00000000-0000-0000-0000-000000000003", "tenant": "00000000-0000-0000-0000-000000000000", "timestamp": "2025-10-09T01:26:19Z"}
{"stage": "intake_stage_started", "mission": "00000000-0000-0000-0000-000000000001", "tenant": "00000000-0000-0000-0000-000000000000", "timestamp": "2025-10-09T01:26:19Z"}
{"stage": "planner_stage_started", "mission": "00000000-0000-0000-0000-000000000001", "tenant": "00000000-0000-0000-0000-000000000000", "timestamp": "2025-10-09T01:26:19Z"}
{"stage": "execution_loop_started", "mission": "00000000-0000-0000-0000-000000000001", "tenant": "00000000-0000-0000-0000-000000000000", "timestamp": "2025-10-09T01:26:20Z"}
{"stage": "intake_stage_started", "mission": "00000000-0000-0000-0000-000000000002", "tenant": "00000000-0000-0000-0000-000000000000", "timestamp": "2025-10-09T01:26:20Z"}
{"stage": "planner_stage_started", "mission": "00000000-0000-0000-0000-000000000002", "tenant": "00000000-0000-0000-0000-000000000000", "timestamp": "2025-10-09T01:26:20Z"}
{"stage": "execution_loop_started", "mission": "00000000-0000-0000-0000-000000000002", "tenant": "00000000-0000-0000-0000-000000000000", "timestamp": "2025-10-09T01:26:22Z"}
{"stage": "intake_stage_started", "mission": "00000000-0000-0000-0000-000000000002", "tenant": "00000000-0000-0000-0000-000000000000", "timestamp": "2025-10-09T02:32:13Z"}
{"stage": "planner_stage_started", "mission": "00000000-0000-0000-0000-000000000002", "tenant": "00000000-0000-0000-0000-000000000000", "timestamp": "2025-10-09T02:32:14Z"}
{"stage": "execution_loop_started", "mission": "00000000-0000-0000-0000-000000000002", "tenant": "00000000-0000-0000-0000-000000000000", "timestamp": "2025-10-09T02:32:16Z"}
{"stage": "intake_stage_started", "mission": "00000000-0000-0000-0000-000000000003", "tenant": "00000000-0000-0000-0000-000000000000", "timestamp": "2025-10-09T02:32:16Z"}
{"stage": "planner_stage_started", "mission": "00000000-0000-0000-0000-000000000003", "tenant": "00000000-0000-0000-0000-000000000000", "timestamp": "2025-10-09T02:32:16Z"}
{"stage": "execution_loop_started", "mission": "00000000-0000-0000-0000-000000000003", "tenant": "00000000-0000-0000-0000-000000000000", "timestamp": "2025-10-09T02:32:18Z"}
{"stage": "intake_stage_started", "mission": "00000000-0000-0000-0000-000000000001", "tenant": "00000000-0000-0000-0000-000000000000", "timestamp": "2025-10-09T02:32:18Z"}
{"stage": "planner_stage_started", "mission": "00000000-0000-0000-0000-000000000001", "tenant": "00000000-0000-0000-0000-000000000000", "timestamp": "2025-10-09T02:32:18Z"}
{"stage": "execution_loop_started", "mission": "00000000-0000-0000-0000-000000000001", "tenant": "00000000-0000-0000-0000-000000000000", "timestamp": "2025-10-09T02:32:20Z"}
{"stage": "intake_stage_started", "mission": "mission-dry-run", "tenant": "gate-ga-default", "timestamp": "2025-10-09T02:32:20Z"}
{"stage": "planner_stage_started", "mission": "___eval___session___442619f6-288d-4113-87c3-403af8bbe1de", "tenant": "00000000-0000-0000-0000-000000000000", "timestamp": "2025-10-09T02:32:20Z"}
{"stage": "execution_loop_started", "mission": "___eval___session___442619f6-288d-4113-87c3-403af8bbe1de", "tenant": "00000000-0000-0000-0000-000000000000", "timestamp": "2025-10-09T02:32:21Z"}
{"stage": "intake_stage_started", "mission": "00000000-0000-0000-0000-000000000004", "tenant": "00000000-0000-0000-0000-000000000000", "timestamp": "2025-10-09T02:32:21Z"}
{"stage": "planner_stage_started", "mission": "00000000-0000-0000-0000-000000000004", "tenant": "00000000-0000-0000-0000-000000000000", "timestamp": "2025-10-09T02:32:21Z"}
{"stage": "execution_loop_started", "mission": "00000000-0000-0000-0000-000000000004", "tenant": "00000000-0000-0000-0000-000000000000", "timestamp": "2025-10-09T02:32:23Z"}
{"stage": "intake_stage_started", "mission": "mission-dry-run", "tenant": "gate-ga-default", "timestamp": "2025-10-09T02:53:13Z"}
{"stage": "planner_stage_started", "mission": "18b42e8a-9648-4b51-8677-c5918d18a796", "tenant": "00000000-0000-0000-0000-000000000000", "timestamp": "2025-10-09T02:53:13Z"}
{"stage": "execution_loop_started", "mission": "18b42e8a-9648-4b51-8677-c5918d18a796", "tenant": "00000000-0000-0000-0000-000000000000", "timestamp": "2025-10-09T02:53:16Z"}
{"stage": "intake_stage_started", "mission": "mission-dry-run", "tenant": "gate-ga-default", "timestamp": "2025-10-09T02:53:27Z"}
{"stage": "planner_stage_started", "mission": "18b42e8a-9648-4b51-8677-c5918d18a796", "tenant": "00000000-0000-0000-0000-000000000000", "timestamp": "2025-10-09T02:53:28Z"}
{"stage": "execution_loop_started", "mission": "18b42e8a-9648-4b51-8677-c5918d18a796", "tenant": "00000000-0000-0000-0000-000000000000", "timestamp": "2025-10-09T02:53:29Z"}
{"stage": "intake_stage_started", "mission": "mission-dry-run", "tenant": "gate-ga-default", "timestamp": "2025-10-09T02:53:37Z"}
{"stage": "planner_stage_started", "mission": "18b42e8a-9648-4b51-8677-c5918d18a796", "tenant": "00000000-0000-0000-0000-000000000000", "timestamp": "2025-10-09T02:53:37Z"}
{"stage": "execution_loop_started", "mission": "18b42e8a-9648-4b51-8677-c5918d18a796", "tenant": "00000000-0000-0000-0000-000000000000", "timestamp": "2025-10-09T02:53:39Z"}
{"stage": "intake_stage_started", "mission": "mission-dry-run", "tenant": "gate-ga-default", "timestamp": "2025-10-09T03:13:45Z"}
{"stage": "planner_stage_started", "mission": "d2ca6633-913c-4970-a559-ff6ffed2fcf4", "tenant": "00000000-0000-0000-0000-000000000000", "timestamp": "2025-10-09T03:13:46Z"}
{"stage": "execution_loop_started", "mission": "d2ca6633-913c-4970-a559-ff6ffed2fcf4", "tenant": "00000000-0000-0000-0000-000000000000", "timestamp": "2025-10-09T03:13:48Z"}
{"stage": "intake_stage_started", "mission": "00000000-0000-0000-0000-000000000004", "tenant": "00000000-0000-0000-0000-000000000000", "timestamp": "2025-10-09T10:39:52Z"}
{"stage": "planner_stage_started", "mission": "00000000-0000-0000-0000-000000000004", "tenant": "00000000-0000-0000-0000-000000000000", "timestamp": "2025-10-09T10:39:52Z"}
{"stage": "execution_loop_started", "mission": "00000000-0000-0000-0000-000000000004", "tenant": "00000000-0000-0000-0000-000000000000", "timestamp": "2025-10-09T10:39:54Z"}
{"stage": "intake_stage_started", "mission": "00000000-0000-0000-0000-000000000003", "tenant": "00000000-0000-0000-0000-000000000000", "timestamp": "2025-10-09T10:39:55Z"}
{"stage": "planner_stage_started", "mission": "00000000-0000-0000-0000-000000000003", "tenant": "00000000-0000-0000-0000-000000000000", "timestamp": "2025-10-09T10:39:55Z"}
{"stage": "execution_loop_started", "mission": "00000000-0000-0000-0000-000000000003", "tenant": "00000000-0000-0000-0000-000000000000", "timestamp": "2025-10-09T10:39:57Z"}
{"stage": "intake_stage_started", "mission": "00000000-0000-0000-0000-000000000001", "tenant": "00000000-0000-0000-0000-000000000000", "timestamp": "2025-10-09T10:39:57Z"}
{"stage": "planner_stage_started", "mission": "00000000-0000-0000-0000-000000000001", "tenant": "00000000-0000-0000-0000-000000000000", "timestamp": "2025-10-09T10:39:57Z"}
{"stage": "execution_loop_started", "mission": "00000000-0000-0000-0000-000000000001", "tenant": "00000000-0000-0000-0000-000000000000", "timestamp": "2025-10-09T10:39:59Z"}
{"stage": "intake_stage_started", "mission": "mission-dry-run", "tenant": "gate-ga-default", "timestamp": "2025-10-09T10:39:59Z"}
{"stage": "planner_stage_started", "mission": "___eval___session___7b616fef-460b-46a6-8432-cde3fc70cb57", "tenant": "00000000-0000-0000-0000-000000000000", "timestamp": "2025-10-09T10:39:59Z"}
{"stage": "execution_loop_started", "mission": "___eval___session___7b616fef-460b-46a6-8432-cde3fc70cb57", "tenant": "00000000-0000-0000-0000-000000000000", "timestamp": "2025-10-09T10:40:00Z"}
{"stage": "intake_stage_started", "mission": "00000000-0000-0000-0000-000000000002", "tenant": "00000000-0000-0000-0000-000000000000", "timestamp": "2025-10-09T10:40:00Z"}
{"stage": "planner_stage_started", "mission": "00000000-0000-0000-0000-000000000002", "tenant": "00000000-0000-0000-0000-000000000000", "timestamp": "2025-10-09T10:40:00Z"}
{"stage": "execution_loop_started", "mission": "00000000-0000-0000-0000-000000000002", "tenant": "00000000-0000-0000-0000-000000000000", "timestamp": "2025-10-09T10:40:02Z"}
{"stage": "intake_stage_started", "mission": "mission-dry-run", "tenant": "gate-ga-default", "timestamp": "2025-10-09T12:51:40Z"}
{"stage": "planner_stage_started", "mission": "2596ddda-52aa-45b0-a141-7840355a0814", "tenant": "00000000-0000-0000-0000-000000000000", "timestamp": "2025-10-09T12:51:42Z"}
{"stage": "execution_loop_started", "mission": "2596ddda-52aa-45b0-a141-7840355a0814", "tenant": "00000000-0000-0000-0000-000000000000", "timestamp": "2025-10-09T12:51:46Z"}
{"stage": "intake_stage_started", "mission": "00000000-0000-0000-0000-000000000004", "tenant": "00000000-0000-0000-0000-000000000000", "timestamp": "2025-10-10T02:28:30Z"}
{"stage": "planner_stage_started", "mission": "00000000-0000-0000-0000-000000000004", "tenant": "00000000-0000-0000-0000-000000000000", "timestamp": "2025-10-10T02:28:31Z"}
{"stage": "execution_loop_started", "mission": "00000000-0000-0000-0000-000000000004", "tenant": "00000000-0000-0000-0000-000000000000", "timestamp": "2025-10-10T02:28:34Z"}
{"stage": "intake_stage_started", "mission": "mission-dry-run", "tenant": "gate-ga-default", "timestamp": "2025-10-10T02:28:34Z"}
{"stage": "planner_stage_started", "mission": "___eval___session___79010ff5-f957-4699-be98-2faa254a1338", "tenant": "00000000-0000-0000-0000-000000000000", "timestamp": "2025-10-10T02:28:34Z"}
{"stage": "execution_loop_started", "mission": "___eval___session___79010ff5-f957-4699-be98-2faa254a1338", "tenant": "00000000-0000-0000-0000-000000000000", "timestamp": "2025-10-10T02:28:35Z"}
{"stage": "intake_stage_started", "mission": "00000000-0000-0000-0000-000000000002", "tenant": "00000000-0000-0000-0000-000000000000", "timestamp": "2025-10-10T02:28:35Z"}
{"stage": "planner_stage_started", "mission": "00000000-0000-0000-0000-000000000002", "tenant": "00000000-0000-0000-0000-000000000000", "timestamp": "2025-10-10T02:28:35Z"}
{"stage": "execution_loop_started", "mission": "00000000-0000-0000-0000-000000000002", "tenant": "00000000-0000-0000-0000-000000000000", "timestamp": "2025-10-10T02:28:37Z"}
{"stage": "intake_stage_started", "mission": "00000000-0000-0000-0000-000000000001", "tenant": "00000000-0000-0000-0000-000000000000", "timestamp": "2025-10-10T02:28:37Z"}
{"stage": "planner_stage_started", "mission": "00000000-0000-0000-0000-000000000001", "tenant": "00000000-0000-0000-0000-000000000000", "timestamp": "2025-10-10T02:28:38Z"}
{"stage": "execution_loop_started", "mission": "00000000-0000-0000-0000-000000000001", "tenant": "00000000-0000-0000-0000-000000000000", "timestamp": "2025-10-10T02:28:40Z"}
{"stage": "intake_stage_started", "mission": "00000000-0000-0000-0000-000000000003", "tenant": "00000000-0000-0000-0000-000000000000", "timestamp": "2025-10-10T02:28:40Z"}
{"stage": "planner_stage_started", "mission": "00000000-0000-0000-0000-000000000003", "tenant": "00000000-0000-0000-0000-000000000000", "timestamp": "2025-10-10T02:28:41Z"}
{"stage": "execution_loop_started", "mission": "00000000-0000-0000-0000-000000000003", "tenant": "00000000-0000-0000-0000-000000000000", "timestamp": "2025-10-10T02:28:42Z"}
{"stage": "intake_stage_started", "mission": "mission-dry-run", "tenant": "gate-ga-default", "timestamp": "2025-10-10T02:45:20Z"}
{"stage": "planner_stage_started", "mission": "___eval___session___8e07e926-339e-40e1-b908-dd6fafc019b6", "tenant": "00000000-0000-0000-0000-000000000000", "timestamp": "2025-10-10T02:45:20Z"}
{"stage": "execution_loop_started", "mission": "___eval___session___8e07e926-339e-40e1-b908-dd6fafc019b6", "tenant": "00000000-0000-0000-0000-000000000000", "timestamp": "2025-10-10T02:45:22Z"}
{"stage": "intake_stage_started", "mission": "00000000-0000-0000-0000-000000000002", "tenant": "00000000-0000-0000-0000-000000000000", "timestamp": "2025-10-10T02:45:22Z"}
{"stage": "planner_stage_started", "mission": "00000000-0000-0000-0000-000000000002", "tenant": "00000000-0000-0000-0000-000000000000", "timestamp": "2025-10-10T02:45:24Z"}
{"stage": "execution_loop_started", "mission": "00000000-0000-0000-0000-000000000002", "tenant": "00000000-0000-0000-0000-000000000000", "timestamp": "2025-10-10T02:45:26Z"}
{"stage": "intake_stage_started", "mission": "00000000-0000-0000-0000-000000000001", "tenant": "00000000-0000-0000-0000-000000000000", "timestamp": "2025-10-10T02:45:26Z"}
{"stage": "planner_stage_started", "mission": "00000000-0000-0000-0000-000000000001", "tenant": "00000000-0000-0000-0000-000000000000", "timestamp": "2025-10-10T02:45:26Z"}
{"stage": "execution_loop_started", "mission": "00000000-0000-0000-0000-000000000001", "tenant": "00000000-0000-0000-0000-000000000000", "timestamp": "2025-10-10T02:45:29Z"}
{"stage": "intake_stage_started", "mission": "00000000-0000-0000-0000-000000000003", "tenant": "00000000-0000-0000-0000-000000000000", "timestamp": "2025-10-10T02:45:29Z"}
{"stage": "planner_stage_started", "mission": "00000000-0000-0000-0000-000000000003", "tenant": "00000000-0000-0000-0000-000000000000", "timestamp": "2025-10-10T02:45:29Z"}
{"stage": "execution_loop_started", "mission": "00000000-0000-0000-0000-000000000003", "tenant": "00000000-0000-0000-0000-000000000000", "timestamp": "2025-10-10T02:45:31Z"}
{"stage": "intake_stage_started", "mission": "00000000-0000-0000-0000-000000000004", "tenant": "00000000-0000-0000-0000-000000000000", "timestamp": "2025-10-10T02:45:31Z"}
{"stage": "planner_stage_started", "mission": "00000000-0000-0000-0000-000000000004", "tenant": "00000000-0000-0000-0000-000000000000", "timestamp": "2025-10-10T02:45:31Z"}
{"stage": "execution_loop_started", "mission": "00000000-0000-0000-0000-000000000004", "tenant": "00000000-0000-0000-0000-000000000000", "timestamp": "2025-10-10T02:45:33Z"}
{"stage": "intake_stage_started", "mission": "00000000-0000-0000-0000-000000000004", "tenant": "00000000-0000-0000-0000-000000000000", "timestamp": "2025-10-10T04:04:41Z"}
{"stage": "planner_stage_started", "mission": "00000000-0000-0000-0000-000000000004", "tenant": "00000000-0000-0000-0000-000000000000", "timestamp": "2025-10-10T04:04:42Z"}
{"stage": "execution_loop_started", "mission": "00000000-0000-0000-0000-000000000004", "tenant": "00000000-0000-0000-0000-000000000000", "timestamp": "2025-10-10T04:04:45Z"}
{"stage": "intake_stage_started", "mission": "mission-dry-run", "tenant": "gate-ga-default", "timestamp": "2025-10-10T04:04:45Z"}
{"stage": "planner_stage_started", "mission": "___eval___session___fbfd2e21-0853-4f56-8905-7906745e1905", "tenant": "00000000-0000-0000-0000-000000000000", "timestamp": "2025-10-10T04:04:45Z"}
{"stage": "execution_loop_started", "mission": "___eval___session___fbfd2e21-0853-4f56-8905-7906745e1905", "tenant": "00000000-0000-0000-0000-000000000000", "timestamp": "2025-10-10T04:04:46Z"}
{"stage": "intake_stage_started", "mission": "00000000-0000-0000-0000-000000000002", "tenant": "00000000-0000-0000-0000-000000000000", "timestamp": "2025-10-10T04:04:46Z"}
{"stage": "planner_stage_started", "mission": "00000000-0000-0000-0000-000000000002", "tenant": "00000000-0000-0000-0000-000000000000", "timestamp": "2025-10-10T04:04:47Z"}
{"stage": "execution_loop_started", "mission": "00000000-0000-0000-0000-000000000002", "tenant": "00000000-0000-0000-0000-000000000000", "timestamp": "2025-10-10T04:04:48Z"}
{"stage": "intake_stage_started", "mission": "00000000-0000-0000-0000-000000000001", "tenant": "00000000-0000-0000-0000-000000000000", "timestamp": "2025-10-10T04:04:48Z"}
{"stage": "planner_stage_started", "mission": "00000000-0000-0000-0000-000000000001", "tenant": "00000000-0000-0000-0000-000000000000", "timestamp": "2025-10-10T04:04:49Z"}
{"stage": "execution_loop_started", "mission": "00000000-0000-0000-0000-000000000001", "tenant": "00000000-0000-0000-0000-000000000000", "timestamp": "2025-10-10T04:04:51Z"}
{"stage": "intake_stage_started", "mission": "00000000-0000-0000-0000-000000000003", "tenant": "00000000-0000-0000-0000-000000000000", "timestamp": "2025-10-10T04:04:51Z"}
{"stage": "planner_stage_started", "mission": "00000000-0000-0000-0000-000000000003", "tenant": "00000000-0000-0000-0000-000000000000", "timestamp": "2025-10-10T04:04:51Z"}
{"stage": "execution_loop_started", "mission": "00000000-0000-0000-0000-000000000003", "tenant": "00000000-0000-0000-0000-000000000000", "timestamp": "2025-10-10T04:04:53Z"}
{"stage": "intake_stage_started", "mission": "00000000-0000-0000-0000-000000000101", "tenant": "00000000-0000-0000-0000-000000000000", "timestamp": "2025-10-10T04:04:53Z"}
{"stage": "planner_stage_started", "mission": "00000000-0000-0000-0000-000000000101", "tenant": "00000000-0000-0000-0000-000000000000", "timestamp": "2025-10-10T04:04:53Z"}
{"stage": "execution_loop_started", "mission": "00000000-0000-0000-0000-000000000101", "tenant": "00000000-0000-0000-0000-000000000000", "timestamp": "2025-10-10T04:04:55Z"}
{"stage": "intake_stage_started", "mission": "00000000-0000-0000-0000-000000000004", "tenant": "00000000-0000-0000-0000-000000000000", "timestamp": "2025-10-10T04:18:30Z"}
{"stage": "planner_stage_started", "mission": "00000000-0000-0000-0000-000000000004", "tenant": "00000000-0000-0000-0000-000000000000", "timestamp": "2025-10-10T04:18:31Z"}
{"stage": "execution_loop_started", "mission": "00000000-0000-0000-0000-000000000004", "tenant": "00000000-0000-0000-0000-000000000000", "timestamp": "2025-10-10T04:18:34Z"}
{"stage": "intake_stage_started", "mission": "mission-dry-run", "tenant": "gate-ga-default", "timestamp": "2025-10-10T04:18:34Z"}
{"stage": "planner_stage_started", "mission": "___eval___session___776bb5c2-90db-4e13-81d0-80076caeafa0", "tenant": "00000000-0000-0000-0000-000000000000", "timestamp": "2025-10-10T04:18:34Z"}
{"stage": "execution_loop_started", "mission": "___eval___session___776bb5c2-90db-4e13-81d0-80076caeafa0", "tenant": "00000000-0000-0000-0000-000000000000", "timestamp": "2025-10-10T04:18:35Z"}
{"stage": "intake_stage_started", "mission": "00000000-0000-0000-0000-000000000002", "tenant": "00000000-0000-0000-0000-000000000000", "timestamp": "2025-10-10T04:18:35Z"}
{"stage": "planner_stage_started", "mission": "00000000-0000-0000-0000-000000000002", "tenant": "00000000-0000-0000-0000-000000000000", "timestamp": "2025-10-10T04:18:36Z"}
{"stage": "execution_loop_started", "mission": "00000000-0000-0000-0000-000000000002", "tenant": "00000000-0000-0000-0000-000000000000", "timestamp": "2025-10-10T04:18:38Z"}
{"stage": "intake_stage_started", "mission": "00000000-0000-0000-0000-000000000001", "tenant": "00000000-0000-0000-0000-000000000000", "timestamp": "2025-10-10T04:18:38Z"}
{"stage": "planner_stage_started", "mission": "00000000-0000-0000-0000-000000000001", "tenant": "00000000-0000-0000-0000-000000000000", "timestamp": "2025-10-10T04:18:38Z"}
{"stage": "execution_loop_started", "mission": "00000000-0000-0000-0000-000000000001", "tenant": "00000000-0000-0000-0000-000000000000", "timestamp": "2025-10-10T04:18:40Z"}
{"stage": "intake_stage_started", "mission": "00000000-0000-0000-0000-000000000003", "tenant": "00000000-0000-0000-0000-000000000000", "timestamp": "2025-10-10T04:18:40Z"}
{"stage": "planner_stage_started", "mission": "00000000-0000-0000-0000-000000000003", "tenant": "00000000-0000-0000-0000-000000000000", "timestamp": "2025-10-10T04:18:41Z"}
{"stage": "execution_loop_started", "mission": "00000000-0000-0000-0000-000000000003", "tenant": "00000000-0000-0000-0000-000000000000", "timestamp": "2025-10-10T04:18:43Z"}
{"stage": "intake_stage_started", "mission": "00000000-0000-0000-0000-000000000101", "tenant": "00000000-0000-0000-0000-000000000000", "timestamp": "2025-10-10T04:18:43Z"}
{"stage": "planner_stage_started", "mission": "00000000-0000-0000-0000-000000000101", "tenant": "00000000-0000-0000-0000-000000000000", "timestamp": "2025-10-10T04:18:43Z"}
{"stage": "execution_loop_started", "mission": "00000000-0000-0000-0000-000000000101", "tenant": "00000000-0000-0000-0000-000000000000", "timestamp": "2025-10-10T04:18:45Z"}
{"stage": "intake_stage_started", "mission": "00000000-0000-0000-0000-000000000003", "tenant": "00000000-0000-0000-0000-000000000000", "timestamp": "2025-10-10T22:41:24Z"}
{"stage": "planner_stage_started", "mission": "00000000-0000-0000-0000-000000000003", "tenant": "00000000-0000-0000-0000-000000000000", "timestamp": "2025-10-10T22:41:41Z"}
{"stage": "execution_loop_started", "mission": "00000000-0000-0000-0000-000000000003", "tenant": "00000000-0000-0000-0000-000000000000", "timestamp": "2025-10-10T22:42:24Z"}
{"stage": "intake_stage_started", "mission": "00000000-0000-0000-0000-000000000001", "tenant": "00000000-0000-0000-0000-000000000000", "timestamp": "2025-10-10T22:43:29Z"}
{"stage": "planner_stage_started", "mission": "00000000-0000-0000-0000-000000000001", "tenant": "00000000-0000-0000-0000-000000000000", "timestamp": "2025-10-10T22:43:45Z"}
{"stage": "execution_loop_started", "mission": "00000000-0000-0000-0000-000000000001", "tenant": "00000000-0000-0000-0000-000000000000", "timestamp": "2025-10-10T22:44:27Z"}
{"stage": "intake_stage_started", "mission": "00000000-0000-0000-0000-000000000002", "tenant": "00000000-0000-0000-0000-000000000000", "timestamp": "2025-10-10T22:45:32Z"}
{"stage": "planner_stage_started", "mission": "00000000-0000-0000-0000-000000000002", "tenant": "00000000-0000-0000-0000-000000000000", "timestamp": "2025-10-10T22:45:48Z"}
{"stage": "execution_loop_started", "mission": "00000000-0000-0000-0000-000000000002", "tenant": "00000000-0000-0000-0000-000000000000", "timestamp": "2025-10-10T22:46:30Z"}
{"stage": "intake_stage_started", "mission": "mission-dry-run", "tenant": "gate-ga-default", "timestamp": "2025-10-10T22:47:35Z"}
{"stage": "planner_stage_started", "mission": "___eval___session___27fe55bc-50e8-452d-860d-e8af8ef11c28", "tenant": "00000000-0000-0000-0000-000000000000", "timestamp": "2025-10-10T22:47:55Z"}
{"stage": "execution_loop_started", "mission": "___eval___session___27fe55bc-50e8-452d-860d-e8af8ef11c28", "tenant": "00000000-0000-0000-0000-000000000000", "timestamp": "2025-10-10T22:48:37Z"}
{"stage": "intake_stage_started", "mission": "00000000-0000-0000-0000-000000000004", "tenant": "00000000-0000-0000-0000-000000000000", "timestamp": "2025-10-10T22:49:42Z"}
{"stage": "planner_stage_started", "mission": "00000000-0000-0000-0000-000000000004", "tenant": "00000000-0000-0000-0000-000000000000", "timestamp": "2025-10-10T22:49:57Z"}
{"stage": "execution_loop_started", "mission": "00000000-0000-0000-0000-000000000004", "tenant": "00000000-0000-0000-0000-000000000000", "timestamp": "2025-10-10T22:50:45Z"}
{"stage": "intake_stage_started", "mission": "00000000-0000-0000-0000-000000000003", "tenant": "00000000-0000-0000-0000-000000000000", "timestamp": "2025-10-10T23:50:15Z"}
{"stage": "planner_stage_started", "mission": "00000000-0000-0000-0000-000000000003", "tenant": "00000000-0000-0000-0000-000000000000", "timestamp": "2025-10-10T23:50:31Z"}
{"stage": "execution_loop_started", "mission": "00000000-0000-0000-0000-000000000003", "tenant": "00000000-0000-0000-0000-000000000000", "timestamp": "2025-10-10T23:51:14Z"}
{"stage": "intake_stage_started", "mission": "00000000-0000-0000-0000-000000000002", "tenant": "00000000-0000-0000-0000-000000000000", "timestamp": "2025-10-10T23:52:58Z"}
{"stage": "planner_stage_started", "mission": "00000000-0000-0000-0000-000000000002", "tenant": "00000000-0000-0000-0000-000000000000", "timestamp": "2025-10-10T23:53:13Z"}
{"stage": "execution_loop_started", "mission": "00000000-0000-0000-0000-000000000002", "tenant": "00000000-0000-0000-0000-000000000000", "timestamp": "2025-10-10T23:53:56Z"}
{"stage": "intake_stage_started", "mission": "00000000-0000-0000-0000-000000000001", "tenant": "00000000-0000-0000-0000-000000000000", "timestamp": "2025-10-10T23:55:01Z"}
{"stage": "planner_stage_started", "mission": "00000000-0000-0000-0000-000000000001", "tenant": "00000000-0000-0000-0000-000000000000", "timestamp": "2025-10-10T23:55:17Z"}
{"stage": "execution_loop_started", "mission": "00000000-0000-0000-0000-000000000001", "tenant": "00000000-0000-0000-0000-000000000000", "timestamp": "2025-10-10T23:55:59Z"}
{"stage": "intake_stage_started", "mission": "mission-dry-run", "tenant": "gate-ga-default", "timestamp": "2025-10-10T23:57:05Z"}
{"stage": "planner_stage_started", "mission": "___eval___session___d0458876-b9e1-4096-b743-c6940ed7c52d", "tenant": "00000000-0000-0000-0000-000000000000", "timestamp": "2025-10-10T23:57:25Z"}
{"stage": "execution_loop_started", "mission": "___eval___session___d0458876-b9e1-4096-b743-c6940ed7c52d", "tenant": "00000000-0000-0000-0000-000000000000", "timestamp": "2025-10-10T23:58:06Z"}
{"stage": "intake_stage_started", "mission": "00000000-0000-0000-0000-000000000003", "tenant": "00000000-0000-0000-0000-000000000000", "timestamp": "2025-10-10T23:59:11Z"}
{"stage": "planner_stage_started", "mission": "00000000-0000-0000-0000-000000000003", "tenant": "00000000-0000-0000-0000-000000000000", "timestamp": "2025-10-10T23:59:26Z"}
{"stage": "execution_loop_started", "mission": "00000000-0000-0000-0000-000000000003", "tenant": "00000000-0000-0000-0000-000000000000", "timestamp": "2025-10-11T00:00:09Z"}
{"stage": "intake_stage_started", "mission": "00000000-0000-0000-0000-000000000004", "tenant": "00000000-0000-0000-0000-000000000000", "timestamp": "2025-10-11T00:01:14Z"}
{"stage": "planner_stage_started", "mission": "00000000-0000-0000-0000-000000000004", "tenant": "00000000-0000-0000-0000-000000000000", "timestamp": "2025-10-11T00:01:30Z"}
{"stage": "execution_loop_started", "mission": "00000000-0000-0000-0000-000000000004", "tenant": "00000000-0000-0000-0000-000000000000", "timestamp": "2025-10-11T00:02:18Z"}
{"stage": "intake_stage_started", "mission": "00000000-0000-0000-0000-000000000003", "tenant": "00000000-0000-0000-0000-000000000000", "timestamp": "2025-10-11T00:04:39Z"}
{"stage": "planner_stage_started", "mission": "00000000-0000-0000-0000-000000000003", "tenant": "00000000-0000-0000-0000-000000000000", "timestamp": "2025-10-11T00:04:55Z"}
{"stage": "execution_loop_started", "mission": "00000000-0000-0000-0000-000000000003", "tenant": "00000000-0000-0000-0000-000000000000", "timestamp": "2025-10-11T00:05:37Z"}
{"stage": "intake_stage_started", "mission": "00000000-0000-0000-0000-000000000002", "tenant": "00000000-0000-0000-0000-000000000000", "timestamp": "2025-10-12T06:46:04Z"}
{"stage": "intake_stage_started", "mission": "00000000-0000-0000-0000-000000000004", "tenant": "00000000-0000-0000-0000-000000000000", "timestamp": "2025-10-12T06:46:06Z"}
{"stage": "intake_stage_started", "mission": "mission-dry-run", "tenant": "gate-ga-default", "timestamp": "2025-10-12T06:46:06Z"}
{"stage": "intake_stage_started", "mission": "00000000-0000-0000-0000-000000000001", "tenant": "00000000-0000-0000-0000-000000000000", "timestamp": "2025-10-12T06:46:06Z"}
{"stage": "intake_stage_started", "mission": "00000000-0000-0000-0000-000000000003", "tenant": "00000000-0000-0000-0000-000000000000", "timestamp": "2025-10-12T06:46:07Z"}
{"stage": "intake_stage_started", "mission": "00000000-0000-0000-0000-000000000002", "tenant": "00000000-0000-0000-0000-000000000000", "timestamp": "2025-10-12T06:48:16Z"}
{"stage": "intake_stage_started", "mission": "00000000-0000-0000-0000-000000000001", "tenant": "00000000-0000-0000-0000-000000000000", "timestamp": "2025-10-12T06:48:17Z"}
{"stage": "intake_stage_started", "mission": "00000000-0000-0000-0000-000000000004", "tenant": "00000000-0000-0000-0000-000000000000", "timestamp": "2025-10-12T06:48:17Z"}
{"stage": "intake_stage_started", "mission": "00000000-0000-0000-0000-000000000003", "tenant": "00000000-0000-0000-0000-000000000000", "timestamp": "2025-10-12T06:48:18Z"}
{"stage": "intake_stage_started", "mission": "mission-dry-run", "tenant": "gate-ga-default", "timestamp": "2025-10-12T06:48:18Z"}
{"stage": "intake_stage_started", "mission": "00000000-0000-0000-0000-000000000004", "tenant": "00000000-0000-0000-0000-000000000000", "timestamp": "2025-10-12T07:08:23Z"}
{"stage": "intake_stage_started", "mission": "00000000-0000-0000-0000-000000000001", "tenant": "00000000-0000-0000-0000-000000000000", "timestamp": "2025-10-12T07:08:25Z"}
{"stage": "intake_stage_started", "mission": "mission-dry-run", "tenant": "gate-ga-default", "timestamp": "2025-10-12T07:08:25Z"}
{"stage": "intake_stage_started", "mission": "00000000-0000-0000-0000-000000000003", "tenant": "00000000-0000-0000-0000-000000000000", "timestamp": "2025-10-12T07:08:25Z"}
{"stage": "intake_stage_started", "mission": "00000000-0000-0000-0000-000000000002", "tenant": "00000000-0000-0000-0000-000000000000", "timestamp": "2025-10-12T07:08:26Z"}
{"stage": "intake_stage_started", "mission": "00000000-0000-0000-0000-000000000002", "tenant": "00000000-0000-0000-0000-000000000000", "timestamp": "2025-10-12T07:17:40Z"}
{"stage": "intake_stage_started", "mission": "00000000-0000-0000-0000-000000000004", "tenant": "00000000-0000-0000-0000-000000000000", "timestamp": "2025-10-12T07:17:40Z"}
{"stage": "intake_stage_started", "mission": "00000000-0000-0000-0000-000000000001", "tenant": "00000000-0000-0000-0000-000000000000", "timestamp": "2025-10-12T07:17:41Z"}
{"stage": "intake_stage_started", "mission": "mission-dry-run", "tenant": "gate-ga-default", "timestamp": "2025-10-12T07:17:41Z"}
{"stage": "intake_stage_started", "mission": "00000000-0000-0000-0000-000000000003", "tenant": "00000000-0000-0000-0000-000000000000", "timestamp": "2025-10-12T07:17:41Z"}
{"stage": "intake_stage_started", "mission": "00000000-0000-0000-0000-000000000003", "tenant": "00000000-0000-0000-0000-000000000000", "timestamp": "2025-10-12T07:21:31Z"}
{"stage": "intake_stage_started", "mission": "mission-dry-run", "tenant": "gate-ga-default", "timestamp": "2025-10-12T07:21:32Z"}
{"stage": "intake_stage_started", "mission": "00000000-0000-0000-0000-000000000002", "tenant": "00000000-0000-0000-0000-000000000000", "timestamp": "2025-10-12T07:21:32Z"}
{"stage": "intake_stage_started", "mission": "00000000-0000-0000-0000-000000000001", "tenant": "00000000-0000-0000-0000-000000000000", "timestamp": "2025-10-12T07:21:32Z"}
{"stage": "intake_stage_started", "mission": "00000000-0000-0000-0000-000000000004", "tenant": "00000000-0000-0000-0000-000000000000", "timestamp": "2025-10-12T07:21:33Z"}
{"stage": "intake_stage_started", "mission": "00000000-0000-0000-0000-000000000003", "tenant": "00000000-0000-0000-0000-000000000000", "timestamp": "2025-10-12T07:26:22Z"}
{"stage": "intake_stage_started", "mission": "mission-dry-run", "tenant": "gate-ga-default", "timestamp": "2025-10-12T07:26:23Z"}
{"stage": "intake_stage_started", "mission": "00000000-0000-0000-0000-000000000002", "tenant": "00000000-0000-0000-0000-000000000000", "timestamp": "2025-10-12T07:26:23Z"}
{"stage": "intake_stage_started", "mission": "00000000-0000-0000-0000-000000000001", "tenant": "00000000-0000-0000-0000-000000000000", "timestamp": "2025-10-12T07:26:23Z"}
{"stage": "intake_stage_started", "mission": "00000000-0000-0000-0000-000000000004", "tenant": "00000000-0000-0000-0000-000000000000", "timestamp": "2025-10-12T07:26:24Z"}
{"stage": "intake_stage_started", "mission": "00000000-0000-0000-0000-000000000003", "tenant": "00000000-0000-0000-0000-000000000000", "timestamp": "2025-10-12T07:30:11Z"}
{"stage": "intake_stage_started", "mission": "mission-dry-run", "tenant": "gate-ga-default", "timestamp": "2025-10-12T07:30:11Z"}
{"stage": "intake_stage_started", "mission": "00000000-0000-0000-0000-000000000002", "tenant": "00000000-0000-0000-0000-000000000000", "timestamp": "2025-10-12T07:30:11Z"}
{"stage": "intake_stage_started", "mission": "00000000-0000-0000-0000-000000000001", "tenant": "00000000-0000-0000-0000-000000000000", "timestamp": "2025-10-12T07:30:12Z"}
{"stage": "intake_stage_started", "mission": "00000000-0000-0000-0000-000000000004", "tenant": "00000000-0000-0000-0000-000000000000", "timestamp": "2025-10-12T07:30:12Z"}
{"stage": "intake_stage_started", "mission": "mission-dry-run", "tenant": "gate-ga-default", "timestamp": "2025-10-12T07:42:10Z"}
{"stage": "planner_stage_started", "mission": "___eval___session___d126e335-2cfe-47f1-accc-7945f396d46e", "tenant": "00000000-0000-0000-0000-000000000000", "timestamp": "2025-10-12T07:42:10Z"}
{"stage": "intake_stage_started", "mission": "00000000-0000-0000-0000-000000000003", "tenant": "00000000-0000-0000-0000-000000000000", "timestamp": "2025-10-12T07:43:59Z"}
{"stage": "planner_stage_started", "mission": "00000000-0000-0000-0000-000000000003", "tenant": "00000000-0000-0000-0000-000000000000", "timestamp": "2025-10-12T07:43:59Z"}
{"stage": "intake_stage_started", "mission": "mission-dry-run", "tenant": "gate-ga-default", "timestamp": "2025-10-12T07:44:01Z"}
{"stage": "planner_stage_started", "mission": "___eval___session___01e698a5-5a53-4526-b87c-29d0ff3bccaa", "tenant": "00000000-0000-0000-0000-000000000000", "timestamp": "2025-10-12T07:44:01Z"}
{"stage": "intake_stage_started", "mission": "00000000-0000-0000-0000-000000000002", "tenant": "00000000-0000-0000-0000-000000000000", "timestamp": "2025-10-12T07:44:02Z"}
{"stage": "planner_stage_started", "mission": "00000000-0000-0000-0000-000000000002", "tenant": "00000000-0000-0000-0000-000000000000", "timestamp": "2025-10-12T07:44:02Z"}
{"stage": "intake_stage_started", "mission": "00000000-0000-0000-0000-000000000001", "tenant": "00000000-0000-0000-0000-000000000000", "timestamp": "2025-10-12T07:44:03Z"}
{"stage": "planner_stage_started", "mission": "00000000-0000-0000-0000-000000000001", "tenant": "00000000-0000-0000-0000-000000000000", "timestamp": "2025-10-12T07:44:03Z"}
{"stage": "intake_stage_started", "mission": "00000000-0000-0000-0000-000000000004", "tenant": "00000000-0000-0000-0000-000000000000", "timestamp": "2025-10-12T07:44:03Z"}
{"stage": "planner_stage_started", "mission": "00000000-0000-0000-0000-000000000004", "tenant": "00000000-0000-0000-0000-000000000000", "timestamp": "2025-10-12T07:44:03Z"}
{"stage": "intake_stage_started", "mission": "00000000-0000-0000-0000-000000000004", "tenant": "00000000-0000-0000-0000-000000000000", "timestamp": "2025-10-12T07:50:15Z"}
{"stage": "planner_stage_started", "mission": "00000000-0000-0000-0000-000000000004", "tenant": "00000000-0000-0000-0000-000000000000", "timestamp": "2025-10-12T07:50:15Z"}
{"stage": "execution_loop_started", "mission": "00000000-0000-0000-0000-000000000004", "tenant": "00000000-0000-0000-0000-000000000000", "timestamp": "2025-10-12T07:50:17Z"}
{"stage": "intake_stage_started", "mission": "00000000-0000-0000-0000-000000000001", "tenant": "00000000-0000-0000-0000-000000000000", "timestamp": "2025-10-12T07:50:17Z"}
{"stage": "planner_stage_started", "mission": "00000000-0000-0000-0000-000000000001", "tenant": "00000000-0000-0000-0000-000000000000", "timestamp": "2025-10-12T07:50:17Z"}
{"stage": "execution_loop_started", "mission": "00000000-0000-0000-0000-000000000001", "tenant": "00000000-0000-0000-0000-000000000000", "timestamp": "2025-10-12T07:50:18Z"}
{"stage": "intake_stage_started", "mission": "00000000-0000-0000-0000-000000000003", "tenant": "00000000-0000-0000-0000-000000000000", "timestamp": "2025-10-12T07:50:18Z"}
{"stage": "planner_stage_started", "mission": "00000000-0000-0000-0000-000000000003", "tenant": "00000000-0000-0000-0000-000000000000", "timestamp": "2025-10-12T07:50:18Z"}
{"stage": "execution_loop_started", "mission": "00000000-0000-0000-0000-000000000003", "tenant": "00000000-0000-0000-0000-000000000000", "timestamp": "2025-10-12T07:50:19Z"}
{"stage": "intake_stage_started", "mission": "00000000-0000-0000-0000-000000000002", "tenant": "00000000-0000-0000-0000-000000000000", "timestamp": "2025-10-12T07:50:19Z"}
{"stage": "planner_stage_started", "mission": "00000000-0000-0000-0000-000000000002", "tenant": "00000000-0000-0000-0000-000000000000", "timestamp": "2025-10-12T07:50:19Z"}
{"stage": "execution_loop_started", "mission": "00000000-0000-0000-0000-000000000002", "tenant": "00000000-0000-0000-0000-000000000000", "timestamp": "2025-10-12T07:50:20Z"}
{"stage": "intake_stage_started", "mission": "mission-dry-run", "tenant": "gate-ga-default", "timestamp": "2025-10-12T07:50:20Z"}
{"stage": "planner_stage_started", "mission": "___eval___session___7e693eba-7e98-46d1-9aa8-5443a771dc29", "tenant": "00000000-0000-0000-0000-000000000000", "timestamp": "2025-10-12T07:50:20Z"}
{"stage": "execution_loop_started", "mission": "___eval___session___7e693eba-7e98-46d1-9aa8-5443a771dc29", "tenant": "00000000-0000-0000-0000-000000000000", "timestamp": "2025-10-12T07:50:21Z"}
{"stage": "intake_stage_started", "mission": "00000000-0000-0000-0000-000000000101", "tenant": "00000000-0000-0000-0000-000000000000", "timestamp": "2025-10-12T07:50:40Z"}
{"stage": "planner_stage_started", "mission": "00000000-0000-0000-0000-000000000101", "tenant": "00000000-0000-0000-0000-000000000000", "timestamp": "2025-10-12T07:50:40Z"}
{"stage": "execution_loop_started", "mission": "00000000-0000-0000-0000-000000000101", "tenant": "00000000-0000-0000-0000-000000000000", "timestamp": "2025-10-12T07:50:41Z"}
{"stage": "intake_stage_started", "mission": "00000000-0000-0000-0000-000000000003", "tenant": "00000000-0000-0000-0000-000000000000", "timestamp": "2025-10-12T08:01:27Z"}
{"stage": "intake_stage_started", "mission": "mission-dry-run", "tenant": "gate-ga-default", "timestamp": "2025-10-12T08:01:28Z"}
{"stage": "intake_stage_started", "mission": "00000000-0000-0000-0000-000000000002", "tenant": "00000000-0000-0000-0000-000000000000", "timestamp": "2025-10-12T08:01:28Z"}
{"stage": "intake_stage_started", "mission": "00000000-0000-0000-0000-000000000001", "tenant": "00000000-0000-0000-0000-000000000000", "timestamp": "2025-10-12T08:01:28Z"}
{"stage": "intake_stage_started", "mission": "00000000-0000-0000-0000-000000000004", "tenant": "00000000-0000-0000-0000-000000000000", "timestamp": "2025-10-12T08:01:29Z"}
{"stage": "intake_stage_started", "mission": "00000000-0000-0000-0000-000000000003", "tenant": "00000000-0000-0000-0000-000000000000", "timestamp": "2025-10-12T20:45:12Z"}
{"stage": "intake_stage_started", "mission": "mission-dry-run", "tenant": "gate-ga-default", "timestamp": "2025-10-12T20:45:14Z"}
{"stage": "intake_stage_started", "mission": "00000000-0000-0000-0000-000000000002", "tenant": "00000000-0000-0000-0000-000000000000", "timestamp": "2025-10-12T20:45:14Z"}
{"stage": "intake_stage_started", "mission": "00000000-0000-0000-0000-000000000001", "tenant": "00000000-0000-0000-0000-000000000000", "timestamp": "2025-10-12T20:45:15Z"}
{"stage": "intake_stage_started", "mission": "00000000-0000-0000-0000-000000000004", "tenant": "00000000-0000-0000-0000-000000000000", "timestamp": "2025-10-12T20:45:15Z"}
{"stage": "intake_stage_started", "mission": "mission-dry-run", "tenant": "gate-ga-default", "timestamp": "2025-10-13T02:03:43Z"}
{"stage": "intake_stage_started", "mission": "00000000-0000-0000-0000-000000000003", "tenant": "00000000-0000-0000-0000-000000000000", "timestamp": "2025-10-13T02:03:53Z"}
{"stage": "intake_stage_started", "mission": "00000000-0000-0000-0000-000000000002", "tenant": "00000000-0000-0000-0000-000000000000", "timestamp": "2025-10-13T02:04:05Z"}
{"stage": "intake_stage_started", "mission": "00000000-0000-0000-0000-000000000001", "tenant": "00000000-0000-0000-0000-000000000000", "timestamp": "2025-10-13T02:04:15Z"}
{"stage": "intake_stage_started", "mission": "00000000-0000-0000-0000-000000000004", "tenant": "00000000-0000-0000-0000-000000000000", "timestamp": "2025-10-13T02:04:26Z"}
{"stage": "intake_stage_started", "mission": "00000000-0000-0000-0000-000000000003", "tenant": "00000000-0000-0000-0000-000000000000", "timestamp": "2025-10-13T12:22:31Z"}
{"stage": "intake_stage_started", "mission": "mission-dry-run", "tenant": "gate-ga-default", "timestamp": "2025-10-13T12:22:43Z"}
{"stage": "intake_stage_started", "mission": "00000000-0000-0000-0000-000000000004", "tenant": "00000000-0000-0000-0000-000000000000", "timestamp": "2025-10-13T12:22:53Z"}
